<?xml version="1.0" encoding="UTF-8"?>
<!-- Generated by org.testng.reporters.JUnitReportReporter -->
<testsuite skipped="0" hostname="WIN-4T7UHI9AMLK" name="testcases.TestCase1" tests="2" failures="0" timestamp="2020-06-14T11:21:46 EEST" time="0.000" errors="0">
  <testcase name="doUserReg" time="0.000" classname="testcases.TestCase1"/>
  <system-out/>
  <testcase name="doLogin" time="0.000" classname="testcases.TestCase1"/>
  <system-out/>
</testsuite> <!-- testcases.TestCase1 -->
